<?xml version="1.0" encoding="UTF-8"?>
<testng-results ignored="0" total="1" passed="1" failed="0" skipped="0">
  <reporter-output>
  </reporter-output>
  <suite started-at="2024-10-03T18:16:23 IST" name="Default suite" finished-at="2024-10-03T18:16:36 IST" duration-ms="13281">
    <groups>
    </groups>
    <test started-at="2024-10-03T18:16:23 IST" name="Default test" finished-at="2024-10-03T18:16:36 IST" duration-ms="13281">
      <class name="nishay.nishaypractice.Standalonetest">
        <test-method signature="testShoppingFlow()[pri:0, instance:nishay.nishaypractice.Standalonetest@3b65e559]" started-at="2024-10-03T18:16:23 IST" name="testShoppingFlow" finished-at="2024-10-03T18:16:36 IST" duration-ms="13215" status="PASS">
          <reporter-output>
          </reporter-output>
        </test-method> <!-- testShoppingFlow -->
      </class> <!-- nishay.nishaypractice.Standalonetest -->
    </test> <!-- Default test -->
  </suite> <!-- Default suite -->
</testng-results>
